Flow report for UART_SYS
Thu Jul 02 18:40:20 2026
Quartus Prime Version 18.1.0 Build 625 09/12/2018 SJ Lite Edition


---------------------
; Table of Contents ;
---------------------
  1. Legal Notice
  2. Flow Summary
  3. Flow Settings
  4. Flow Non-Default Global Settings
  5. Flow Elapsed Time
  6. Flow OS Summary
  7. Flow Log
  8. Flow Messages
  9. Flow Suppressed Messages



----------------
; Legal Notice ;
----------------
Copyright (C) 2018  Intel Corporation. All rights reserved.
Your use of Intel Corporation's design tools, logic functions 
and other software and tools, and its AMPP partner logic 
functions, and any output files from any of the foregoing 
(including device programming or simulation files), and any 
associated documentation or information are expressly subject 
to the terms and conditions of the Intel Program License 
Subscription Agreement, the Intel Quartus Prime License Agreement,
the Intel FPGA IP License Agreement, or other applicable license
agreement, including, without limitation, that your use is for
the sole purpose of programming logic devices manufactured by
Intel and sold by Intel or its authorized distributors.  Please
refer to the applicable agreement for further details.



+----------------------------------------------------------------------------------+
; Flow Summary                                                                     ;
+------------------------------------+---------------------------------------------+
; Flow Status                        ; Successful - Thu Jul 02 18:40:20 2026       ;
; Quartus Prime Version              ; 18.1.0 Build 625 09/12/2018 SJ Lite Edition ;
; Revision Name                      ; UART_SYS                                    ;
; Top-level Entity Name              ; unsaved                                     ;
; Family                             ; MAX 10                                      ;
; Device                             ; 10M50DAF484C7G                              ;
; Timing Models                      ; Final                                       ;
; Total logic elements               ; 231 / 49,760 ( < 1 % )                      ;
;     Total combinational functions  ; 176 / 49,760 ( < 1 % )                      ;
;     Dedicated logic registers      ; 164 / 49,760 ( < 1 % )                      ;
; Total registers                    ; 164                                         ;
; Total pins                         ; 27 / 360 ( 8 % )                            ;
; Total virtual pins                 ; 0                                           ;
; Total memory bits                  ; 256 / 1,677,312 ( < 1 % )                   ;
; Embedded Multiplier 9-bit elements ; 0 / 288 ( 0 % )                             ;
; Total PLLs                         ; 0 / 4 ( 0 % )                               ;
; UFM blocks                         ; 0 / 1 ( 0 % )                               ;
; ADC blocks                         ; 0 / 2 ( 0 % )                               ;
+------------------------------------+---------------------------------------------+


+-----------------------------------------+
; Flow Settings                           ;
+-------------------+---------------------+
; Option            ; Setting             ;
+-------------------+---------------------+
; Start date & time ; 07/02/2026 18:39:35 ;
; Main task         ; Compilation         ;
; Revision Name     ; UART_SYS            ;
+-------------------+---------------------+


+-------------------------------------------------------------------------------------------------------------------------------------------------------+
; Flow Non-Default Global Settings                                                                                                                      ;
+--------------------------------------+-----------------------------------------------------------+---------------+-------------+----------------------+
; Assignment Name                      ; Value                                                     ; Default Value ; Entity Name ; Section Id           ;
+--------------------------------------+-----------------------------------------------------------+---------------+-------------+----------------------+
; COMPILER_SIGNATURE_ID                ; 273184154072800.178301397400592                           ; --            ; --          ; --                   ;
; EDA_DESIGN_ENTRY_SYNTHESIS_TOOL      ; Synplify Pro                                              ; <None>        ; --          ; --                   ;
; EDA_DESIGN_INSTANCE_NAME             ; NA                                                        ; --            ; --          ; UART_tb              ;
; EDA_INPUT_DATA_FORMAT                ; Vqm                                                       ; --            ; --          ; eda_design_synthesis ;
; EDA_LMF_FILE                         ; synplcty.lmf                                              ; --            ; --          ; eda_design_synthesis ;
; EDA_NATIVELINK_SIMULATION_TEST_BENCH ; UART_tb                                                   ; --            ; --          ; eda_simulation       ;
; EDA_OUTPUT_DATA_FORMAT               ; Vhdl                                                      ; --            ; --          ; eda_simulation       ;
; EDA_SIMULATION_TOOL                  ; ModelSim-Altera (VHDL)                                    ; <None>        ; --          ; --                   ;
; EDA_TEST_BENCH_ENABLE_STATUS         ; TEST_BENCH_MODE                                           ; --            ; --          ; eda_simulation       ;
; EDA_TEST_BENCH_FILE                  ; UART_tb.vhdl                                              ; --            ; --          ; UART_tb              ;
; EDA_TEST_BENCH_MODULE_NAME           ; UART_tb                                                   ; --            ; --          ; UART_tb              ;
; EDA_TEST_BENCH_NAME                  ; UART_tb                                                   ; --            ; --          ; eda_simulation       ;
; EDA_TIME_SCALE                       ; 1 ps                                                      ; --            ; --          ; eda_simulation       ;
; MAX_CORE_JUNCTION_TEMP               ; 85                                                        ; --            ; --          ; --                   ;
; MIN_CORE_JUNCTION_TEMP               ; 0                                                         ; --            ; --          ; --                   ;
; MISC_FILE                            ; unsaved/synthesis/../unsaved.cmp                          ; --            ; --          ; --                   ;
; MISC_FILE                            ; unsaved/synthesis/../../unsaved.qsys                      ; --            ; --          ; --                   ;
; PARTITION_COLOR                      ; -- (Not supported for targeted family)                    ; --            ; unsaved     ; Top                  ;
; PARTITION_FITTER_PRESERVATION_LEVEL  ; -- (Not supported for targeted family)                    ; --            ; unsaved     ; Top                  ;
; PARTITION_NETLIST_TYPE               ; -- (Not supported for targeted family)                    ; --            ; unsaved     ; Top                  ;
; POWER_BOARD_THERMAL_MODEL            ; None (CONSERVATIVE)                                       ; --            ; --          ; --                   ;
; POWER_PRESET_COOLING_SOLUTION        ; 23 MM HEAT SINK WITH 200 LFPM AIRFLOW                     ; --            ; --          ; --                   ;
; PROJECT_OUTPUT_DIRECTORY             ; output_files                                              ; --            ; --          ; --                   ;
; SLD_FILE                             ; unsaved/synthesis/unsaved.debuginfo                       ; --            ; --          ; --                   ;
; SLD_INFO                             ; QSYS_NAME unsaved HAS_SOPCINFO 1 GENERATION_ID 1783013710 ; --            ; unsaved     ; --                   ;
; SOPCINFO_FILE                        ; unsaved/synthesis/../../unsaved.sopcinfo                  ; --            ; --          ; --                   ;
; SYNTHESIS_ONLY_QIP                   ; On                                                        ; --            ; --          ; --                   ;
; TOP_LEVEL_ENTITY                     ; unsaved                                                   ; UART_SYS      ; --          ; --                   ;
+--------------------------------------+-----------------------------------------------------------+---------------+-------------+----------------------+


+--------------------------------------------------------------------------------------------------------------------------+
; Flow Elapsed Time                                                                                                        ;
+----------------------+--------------+-------------------------+---------------------+------------------------------------+
; Module Name          ; Elapsed Time ; Average Processors Used ; Peak Virtual Memory ; Total CPU Time (on all processors) ;
+----------------------+--------------+-------------------------+---------------------+------------------------------------+
; Analysis & Synthesis ; 00:00:17     ; 1.0                     ; 4839 MB             ; 00:00:35                           ;
; Fitter               ; 00:00:16     ; 1.1                     ; 5912 MB             ; 00:00:23                           ;
; Assembler            ; 00:00:03     ; 1.0                     ; 4681 MB             ; 00:00:04                           ;
; Timing Analyzer      ; 00:00:04     ; 1.3                     ; 4864 MB             ; 00:00:04                           ;
; EDA Netlist Writer   ; 00:00:01     ; 1.0                     ; 4659 MB             ; 00:00:01                           ;
; Total                ; 00:00:41     ; --                      ; --                  ; 00:01:07                           ;
+----------------------+--------------+-------------------------+---------------------+------------------------------------+


+------------------------------------------------------------------------------------+
; Flow OS Summary                                                                    ;
+----------------------+------------------+------------+------------+----------------+
; Module Name          ; Machine Hostname ; OS Name    ; OS Version ; Processor type ;
+----------------------+------------------+------------+------------+----------------+
; Analysis & Synthesis ; DESKTOP-I8MS3MJ  ; Windows 10 ; 10.0       ; x86_64         ;
; Fitter               ; DESKTOP-I8MS3MJ  ; Windows 10 ; 10.0       ; x86_64         ;
; Assembler            ; DESKTOP-I8MS3MJ  ; Windows 10 ; 10.0       ; x86_64         ;
; Timing Analyzer      ; DESKTOP-I8MS3MJ  ; Windows 10 ; 10.0       ; x86_64         ;
; EDA Netlist Writer   ; DESKTOP-I8MS3MJ  ; Windows 10 ; 10.0       ; x86_64         ;
+----------------------+------------------+------------+------------+----------------+


------------
; Flow Log ;
------------
quartus_map --read_settings_files=on --write_settings_files=off UART_SYS -c UART_SYS
quartus_fit --read_settings_files=off --write_settings_files=off UART_SYS -c UART_SYS
quartus_asm --read_settings_files=off --write_settings_files=off UART_SYS -c UART_SYS
quartus_sta UART_SYS -c UART_SYS
quartus_eda --read_settings_files=off --write_settings_files=off UART_SYS -c UART_SYS



